Les Vampires - Episode 3
Les Qautre Cents Farces du Diable
Le Château Hantée
Climax - Dr Jekyll and Mr Hyde
Silent Hall Of Fame Documentary 
HORROR NIGHT 2 AT THE BIJOU 
Le Dirigeable Fantastique ou le Cauchemar d'un Inventeur
La L'gende du Fantome
HORROR NIGHT 3 AT THE BIJOU 
SCARY NIGHT AT THE BIJOU 
Les Vampires - Episode 1
Deux Cent Milles Sous les Mers
A Night at the Bijou 
Les Vampires - Episode 2
WHODUNIT NIGHT AT THE BIJOU 3 
HORROR NIGHT 4 AT THE BIJOU 
BOOTLEGGER'S DRIVE-IN SATURDAY NIGHT: WAR OF THE SATELLITES & VOYAGE TO THE PREHISTORIC PLANET
Climax - Dr Jekyll and Mr Hyde
Les Qautre Cents Farces du Diable
Le Château Hantée
The Other Dragon
SCARY NIGHT AT THE BIJOU 
The First Spaceship on Venus 
Count Schlockula's Shock Show Volume 5
Assignment Outerspace
The Dead Creeper
Paolo Heusch's THE DAY THE SKY EXPLODED 
WHODUNIT NIGHT AT THE BIJOU 3 
Les Vampires - Episode 3
BOOTLEGGER'S DRIVE-IN SATURDAY NIGHT: THE BEACH GIRLS AND THE MONSTER & SPIDER BABY
They, aka, Invasion From Inner Earth aka Hell Fire
"The Manster" Originalton mit deutschen Untertiteln
BOOTLEGGER'S DRIVE-IN SATURDAY NIGHT: WEREWOLF OF WASHINGTON & GRAVE OF THE VAMPIRE
Vengence of the Zombies
BOOTLEGGER'S DRIVE-IN SATURDAY NIGHT: THE BEAST FROM HAUNTED CAVE & A BUCKET OF BLOOD
Curtis Harrington's "NIGHT TIDE" 
Spook Show ep 14
Shocker Internet Drive In Week 9 - "Horror Head" Double Feature
Count Schlockula's Shock Show Volume 11
REVISED-Shocker Internet Drive In Week 7 REDO - Vampires
Spooks Run Wild_Weirdness bad Movie
Count Schlockula's Shock Show Volume 6
BOOTLEGGER'S DRIVE-IN SATURDAY NIGHT: BATTLE BEYOND THE SUN & VOYAGE TO THE PLANET OF PREHISTORIC WOMEN
Shocker Internet Drive In - Week 13: "Demented" Double Feature
GraveOfTheVampire
Count Schlockula's Shock Show Volume 10
La L'gende du Fantome
Le Dirigeable Fantastique ou le Cauchemar d'un Inventeur
MAG 104 movie 
Jerry Warren's TERROR OF THE BLOODHUNTERS 
Mario Mancini's FRANKENSTEIN '80 
A Night at the Bijou 
Count Schlockula's Shock Show New Years Special
BOOTLEGGER'S DRIVE-IN SATURDAY NIGHT: MESA OF LOST WOMEN & THE AMAZING TRANSPARENT MAN
Deux Cent Milles Sous les Mers
Robert Wiene's "GENUINE A Tale of a Vampire" 
Assigment_Terror_Letterboxed_Augmented
At Midnight I Will Take Your Soul
Count Schlockula's Shock Show Special Volume
Rogue's Tavern
Star Wreck: In the Pirkining
BOOTLEGGER'S DRIVE-IN SATURDAY NIGHT: BLOODLUST & CARNIVAL OF SOULS 
Count Schlockula's Shock Show Volume 1
Count Schlockula's Shock Show Volume 4
Count Schlockula's Shock Show Volume 8
Monster A.K.A. Monstroid
Psychotronic Cinema # 1 - Frankenstein's Castle of Freaks
Dementia / Daughter of Horror 
Count Schlockula's Shock Show Volume 9
BOOTLEGGER'S DRIVE-IN SATURDAY NIGHT: NIGHT OF THE BLOOD BEAST & THE GIANT LEECHES
Ivan Marx's The Legend Of Bigfoot - Special Edition
BOOTLEGGER'S DRIVE-IN SATURDAY NIGHT: THE TERROR & DEMENTIA 13
Shocker Internet Drive In Week 5 - Driller Killer 
BOOTLEGGER'S DRIVE-IN SATURDAY NIGHT: NIGHTMARE CASTLE and CEMETARY OF THE LIVING DEAD
Shocker Internet Drive In - Week 16: A "Karloff Kristmas"
SPOOK SHOW episode 9 King of the Non-Alcoholic Zombies
Shocker Internet Drive In Week 4 - Night of the Living Dead Double Feature
Count Schlockula's Shock Show Volume 2
HORROR NIGHT 3 AT THE BIJOU 
HORROR NIGHT 2 AT THE BIJOU 
BOOTLEGGER'S DRIVE-IN SATURDAY NIGHT: TEENAGE ZOMBIES & THE SCREAMING SKULL
Shocker Internet Drive In - Week 12: Massacre Double Feature
Les Vampires - Episode 1
Les Vampires - Episode 2
Storm World
It Came For Friendship, But Found Food
BOOTLEGGER'S DRIVE-IN SATURDAY NIGHT: THE WASP WOMAN & THE LAST WOMAN ON EARTH
SPOOK SHOW EPISODE 13 Unlucky For Some
BOOTLEGGER'S DRIVE-IN SATURDAY NIGHT: MANOS THE HANDS OF FATE & BLOODY PIT OF HORROR
BOOTLEGGER'S DRIVE-IN SATURDAY NIGHT: CREATURE FROM THE HAUNTED SEA & LITTLE SHOP OF HORRORS
The Transatlantic Tunnel 
Weird-O-Rama weird-cast #1: The Screaming Skull
Silent Hall Of Fame Documentary 
The Rogue's Tavern
The Digital Drive-In - 101 A Beast For Every Season
BOOTLEGGER'S DRIVE-IN SATURDAY NIGHT: SNOW CREATURE & THE PHANTOM PLANET
City of the Dead/Horror Hotel
Count Schlockula's Shock Show Volume 12
HORROR NIGHT 4 AT THE BIJOU 
Psychotronic Cinema # 1 - Frankenstein's Castle of Freaks
BOOTLEGGER'S DRIVE-IN SATURDAY NIGHT: NIGHTMARE CASTLE and CEMETARY OF THE LIVING DEAD
Ivan Marx's The Legend Of Bigfoot - Special Edition
BOOTLEGGER'S DRIVE-IN SATURDAY NIGHT: THE WASP WOMAN & THE LAST WOMAN ON EARTH
HORROR NIGHT 2 AT THE BIJOU 
The First Spaceship on Venus 
Count Schlockula's Shock Show New Years Special
It Came For Friendship, But Found Food
"The Manster" Originalton mit deutschen Untertiteln
Count Schlockula's Shock Show Volume 11
Count Schlockula's Shock Show Volume 8
BOOTLEGGER'S DRIVE-IN SATURDAY NIGHT: SNOW CREATURE & THE PHANTOM PLANET
Storm World
Shocker Internet Drive In Week 9 - "Horror Head" Double Feature
BOOTLEGGER'S DRIVE-IN SATURDAY NIGHT: WEREWOLF OF WASHINGTON & GRAVE OF THE VAMPIRE
BOOTLEGGER'S DRIVE-IN SATURDAY NIGHT: NIGHT OF THE BLOOD BEAST & THE GIANT LEECHES
BOOTLEGGER'S DRIVE-IN SATURDAY NIGHT: WAR OF THE SATELLITES & VOYAGE TO THE PREHISTORIC PLANET
Paolo Heusch's THE DAY THE SKY EXPLODED 
HORROR NIGHT 4 AT THE BIJOU 
Rogue's Tavern
Count Schlockula's Shock Show Volume 2
BOOTLEGGER'S DRIVE-IN SATURDAY NIGHT: THE TERROR & DEMENTIA 13
Curtis Harrington's "NIGHT TIDE" 
They, aka, Invasion From Inner Earth aka Hell Fire
Shocker Internet Drive In - Week 12: Massacre Double Feature
BOOTLEGGER'S DRIVE-IN SATURDAY NIGHT: BATTLE BEYOND THE SUN & VOYAGE TO THE PLANET OF PREHISTORIC WOMEN
Les Vampires - Episode 2
Count Schlockula's Shock Show Volume 4
Vengence of the Zombies
A Night at the Bijou 
BOOTLEGGER'S DRIVE-IN SATURDAY NIGHT: BLOODLUST & CARNIVAL OF SOULS 
The Other Dragon
HORROR NIGHT 3 AT THE BIJOU 
Count Schlockula's Shock Show Special Volume
Spook Show ep 14
Les Vampires - Episode 1
BOOTLEGGER'S DRIVE-IN SATURDAY NIGHT: THE BEAST FROM HAUNTED CAVE & A BUCKET OF BLOOD
Jerry Warren's TERROR OF THE BLOODHUNTERS 
BOOTLEGGER'S DRIVE-IN SATURDAY NIGHT: THE BEACH GIRLS AND THE MONSTER & SPIDER BABY
BOOTLEGGER'S DRIVE-IN SATURDAY NIGHT: MESA OF LOST WOMEN & THE AMAZING TRANSPARENT MAN
Robert Wiene's "GENUINE A Tale of a Vampire" 
BOOTLEGGER'S DRIVE-IN SATURDAY NIGHT: CREATURE FROM THE HAUNTED SEA & LITTLE SHOP OF HORRORS
BOOTLEGGER'S DRIVE-IN SATURDAY NIGHT: TEENAGE ZOMBIES & THE SCREAMING SKULL
WHODUNIT NIGHT AT THE BIJOU 3 
SPOOK SHOW EPISODE 13 Unlucky For Some
Les Vampires - Episode 3
Dementia / Daughter of Horror 
City of the Dead/Horror Hotel
Silent Hall Of Fame Documentary 
SCARY NIGHT AT THE BIJOU 
SPOOK SHOW episode 9 King of the Non-Alcoholic Zombies
MAG 104 movie 
Count Schlockula's Shock Show Volume 12
Weird-O-Rama weird-cast #1: The Screaming Skull
Shocker Internet Drive In Week 4 - Night of the Living Dead Double Feature
The Digital Drive-In - 101 A Beast For Every Season
Shocker Internet Drive In - Week 13: "Demented" Double Feature
The Rogue's Tavern
La L'gende du Fantome
Spooks Run Wild_Weirdness bad Movie
Monster A.K.A. Monstroid
Deux Cent Milles Sous les Mers
Count Schlockula's Shock Show Volume 10
The Transatlantic Tunnel 
The Dead Creeper
Les Qautre Cents Farces du Diable
Count Schlockula's Shock Show Volume 1
Mario Mancini's FRANKENSTEIN '80 
Shocker Internet Drive In - Week 16: A "Karloff Kristmas"
Assignment Outerspace
Assigment_Terror_Letterboxed_Augmented
BOOTLEGGER'S DRIVE-IN SATURDAY NIGHT: MANOS THE HANDS OF FATE & BLOODY PIT OF HORROR
At Midnight I Will Take Your Soul
GraveOfTheVampire
Count Schlockula's Shock Show Volume 9
Le Dirigeable Fantastique ou le Cauchemar d'un Inventeur
Climax - Dr Jekyll and Mr Hyde
Shocker Internet Drive In Week 5 - Driller Killer 
Count Schlockula's Shock Show Volume 6
Count Schlockula's Shock Show Volume 5
REVISED-Shocker Internet Drive In Week 7 REDO - Vampires
Le Château Hantée
Star Wreck: In the Pirkining
Les Vampires - Episode 2
BOOTLEGGER'S DRIVE-IN SATURDAY NIGHT: TEENAGE ZOMBIES & THE SCREAMING SKULL
Deux Cent Milles Sous les Mers
Rogue's Tavern
Count Schlockula's Shock Show Volume 6
BOOTLEGGER'S DRIVE-IN SATURDAY NIGHT: NIGHTMARE CASTLE and CEMETARY OF THE LIVING DEAD
Psychotronic Cinema # 1 - Frankenstein's Castle of Freaks
Count Schlockula's Shock Show Volume 4
Count Schlockula's Shock Show New Years Special
Ivan Marx's The Legend Of Bigfoot - Special Edition
It Came For Friendship, But Found Food
SPOOK SHOW EPISODE 13 Unlucky For Some
Spook Show ep 14
Les Vampires - Episode 1
Shocker Internet Drive In Week 4 - Night of the Living Dead Double Feature
Silent Hall Of Fame Documentary 
The First Spaceship on Venus 
REVISED-Shocker Internet Drive In Week 7 REDO - Vampires
Count Schlockula's Shock Show Volume 5
BOOTLEGGER'S DRIVE-IN SATURDAY NIGHT: CREATURE FROM THE HAUNTED SEA & LITTLE SHOP OF HORRORS
MAG 104 movie 
Star Wreck: In the Pirkining
Le Château Hantée
They, aka, Invasion From Inner Earth aka Hell Fire
HORROR NIGHT 2 AT THE BIJOU 
Shocker Internet Drive In - Week 12: Massacre Double Feature
BOOTLEGGER'S DRIVE-IN SATURDAY NIGHT: THE BEACH GIRLS AND THE MONSTER & SPIDER BABY
City of the Dead/Horror Hotel
